<?xml version="1.0" encoding="UTF-8" ?>
<testsuite errors="0" failures="0" hostname="LON-WS00304" name="com.example.simple.SimpleTest" tests="3" time="0.26" timestamp="2010-12-14T15:13:13">
  <properties>
    <property name="reports.xml.dir" value="reports/junit-xml" />
    <property name="instrumented.dir" value="instrumented" />
    <property name="java.runtime.name" value="Java(TM) SE Runtime Environment" />
    <property name="cobertura.dir" value="../.." />
    <property name="sun.boot.library.path" value="C:\Program Files\Java\jdk1.6.0_21\jre\bin" />
    <property name="java.vm.version" value="17.0-b17" />
    <property name="ant.library.dir" value="C:\Program Files (x86)\eclipse-ganymede-SR1\plugins\org.apache.ant_1.7.0.v200803061910\lib" />
    <property name="ant.version" value="Apache Ant version 1.7.0 compiled on December 13 2006" />
    <property name="ant.java.version" value="1.6" />
    <property name="java.vm.vendor" value="Sun Microsystems Inc." />
    <property name="java.vendor.url" value="http://java.sun.com/" />
    <property name="path.separator" value=";" />
    <property name="java.vm.name" value="Java HotSpot(TM) 64-Bit Server VM" />
    <property name="file.encoding.pkg" value="sun.io" />
    <property name="user.country" value="GB" />
    <property name="sun.java.launcher" value="SUN_STANDARD" />
    <property name="sun.os.patch.level" value="" />
    <property name="java.vm.specification.name" value="Java Virtual Machine Specification" />
    <property name="user.dir" value="C:\Dev\Scratchpad\cobertura-1.9.4.1-bin\cobertura-1.9.4.1\examples\basic" />
    <property name="java.runtime.version" value="1.6.0_21-b07" />
    <property name="java.awt.graphicsenv" value="sun.awt.Win32GraphicsEnvironment" />
    <property name="basedir" value="C:\Dev\Scratchpad\cobertura-1.9.4.1-bin\cobertura-1.9.4.1\examples\basic" />
    <property name="ant.file.cobertura.examples.basic" value="C:\Dev\Scratchpad\cobertura-1.9.4.1-bin\cobertura-1.9.4.1\examples\basic\build.xml" />
    <property name="coverage.html.dir" value="reports/cobertura-html" />
    <property name="java.endorsed.dirs" value="C:\Program Files\Java\jdk1.6.0_21\jre\lib\endorsed" />
    <property name="os.arch" value="amd64" />
    <property name="java.io.tmpdir" value="C:\Users\DAVID~1.LAI\AppData\Local\Temp\" />
    <property name="ant.core.lib" value="C:\Program Files (x86)\eclipse-ganymede-SR1\plugins\org.apache.ant_1.7.0.v200803061910\lib\ant.jar" />
    <property name="line.separator" value="
" />
    <property name="java.vm.specification.vendor" value="Sun Microsystems Inc." />
    <property name="user.variant" value="" />
    <property name="reports.html.dir" value="reports/junit-html" />
    <property name="os.name" value="Windows 7" />
    <property name="ant.home" value="C:\Program Files (x86)\eclipse-ganymede-SR1\plugins\org.apache.ant_1.7.0.v200803061910\bin\.." />
    <property name="ant.project.name" value="cobertura.examples.basic" />
    <property name="sun.jnu.encoding" value="Cp1252" />
    <property name="java.library.path" value="C:\Program Files\Java\jdk1.6.0_21\jre\bin;.;C:\Windows\Sun\Java\bin;C:\Windows\system32;C:\Windows;c:\Program Files (x86)\Microsoft F#\v4.0\;c:\Program Files (x86)\Microsoft Visual Studio 10.0\VSTSDB\Deploy;c:\Program Files (x86)\Microsoft Visual Studio 10.0\Common7\IDE\;c:\Program Files (x86)\Microsoft Visual Studio 10.0\VC\BIN;c:\Program Files (x86)\Microsoft Visual Studio 10.0\Common7\Tools;C:\Windows\Microsoft.NET\Framework\v4.0.30319;C:\Windows\Microsoft.NET\Framework\v3.5;c:\Program Files (x86)\Microsoft Visual Studio 10.0\VC\VCPackages;C:\Program Files (x86)\HTML Help Workshop;c:\Program Files (x86)\Microsoft Visual Studio 10.0\Team Tools\Performance Tools;C:\Program Files (x86)\Microsoft SDKs\Windows\v7.0A\bin\NETFX 4.0 Tools;C:\Program Files (x86)\Microsoft SDKs\Windows\v7.0A\bin;C:\Program Files\Common Files\Microsoft Shared\Windows Live;C:\Program Files (x86)\Common Files\Microsoft Shared\Windows Live;C:\Perl64\site\bin;C:\Perl64\bin;C:\Program Files (x86)\PHP\;C:\tibco\tibrv\8.1\bin;C:\Program Files (x86)\CollabNet\Subversion Client;C:\Windows\system32;C:\Windows;C:\Windows\System32\Wbem;C:\Windows\System32\WindowsPowerShell\v1.0\;C:\Program Files (x86)\Windows Imaging\;c:\Program Files (x86)\Microsoft SQL Server\100\Tools\Binn\;c:\Program Files\Microsoft SQL Server\100\Tools\Binn\;c:\Program Files\Microsoft SQL Server\100\DTS\Binn\;C:\Program Files\TortoiseSVN\bin;C:\Program Files (x86)\apache-maven-2.2.1\bin;C:\Program Files (x86)\Adobe\Adobe Flash Builder 4 Plug-in\player\win\10.1;c:\Program Files (x86)\Microsoft SQL Server\90\Tools\binn\;C:\Windows\Microsoft.NET\Framework\v3.5\;c:\Program Files (x86)\Microsoft Visual Studio 9.0\Common7\IDE\PrivateAssemblies;C:\Program Files (x86)\eclipse-ganymede-SR1\plugins\org.apache.ant_1.7.0.v200803061910\bin;C:\Program Files (x86)\Microsoft SQL Server\100\Tools\Binn\VSShell\Common7\IDE\;C:\Program Files (x86)\Microsoft SQL Server\100\DTS\Binn\;C:\Program Files (x86)\Microsoft Team Foundation Server 2010 Power Tools\;C:\Program Files (x86)\Microsoft Team Foundation Server 2010 Power Tools\Best Practices Analyzer\;C:\Program Files\MySQL\MySQL Server 5.1\bin;C:\Program Files (x86)\TortoiseHg\;c:\Program Files (x86)\Microsoft ASP.NET\ASP.NET Web Pages\v1.0\;C:\Program Files (x86)\Windows Live\Shared;C:\Program Files (x86)\Gallio\bin" />
    <property name="java.class.version" value="50.0" />
    <property name="java.specification.name" value="Java Platform API Specification" />
    <property name="sun.management.compiler" value="HotSpot 64-Bit Server Compiler" />
    <property name="coverage.xml.dir" value="reports/cobertura-xml" />
    <property name="os.version" value="6.1" />
    <property name="ant.file" value="C:\Dev\Scratchpad\cobertura-1.9.4.1-bin\cobertura-1.9.4.1\examples\basic\build.xml" />
    <property name="coverage.summaryxml.dir" value="reports/cobertura-summary-xml" />
    <property name="user.home" value="C:\Users\David.laing" />
    <property name="user.timezone" value="" />
    <property name="java.awt.printerjob" value="sun.awt.windows.WPrinterJob" />
    <property name="java.specification.version" value="1.6" />
    <property name="file.encoding" value="Cp1252" />
    <property name="java.class.path" value="C:\Dev\Scratchpad\cobertura-1.9.4.1-bin\cobertura-1.9.4.1\examples\basic\instrumented;C:\Dev\Scratchpad\cobertura-1.9.4.1-bin\cobertura-1.9.4.1\examples\basic\classes;C:\Dev\Scratchpad\cobertura-1.9.4.1-bin\cobertura-1.9.4.1\cobertura.jar;C:\Dev\Scratchpad\cobertura-1.9.4.1-bin\cobertura-1.9.4.1\lib\asm-3.0.jar;C:\Dev\Scratchpad\cobertura-1.9.4.1-bin\cobertura-1.9.4.1\lib\asm-tree-3.0.jar;C:\Dev\Scratchpad\cobertura-1.9.4.1-bin\cobertura-1.9.4.1\lib\jakarta-oro-2.0.8.jar;C:\Dev\Scratchpad\cobertura-1.9.4.1-bin\cobertura-1.9.4.1\lib\junit-4.8.2.jar;C:\Dev\Scratchpad\cobertura-1.9.4.1-bin\cobertura-1.9.4.1\lib\log4j-1.2.9.jar;C:\tibco\tibrv\8.1\lib\tibrvnative.jar;C:\Program Files (x86)\eclipse-ganymede-SR1\plugins\org.apache.ant_1.7.0.v200803061910\lib\ant-launcher.jar;C:\Program Files (x86)\eclipse-ganymede-SR1\plugins\org.apache.ant_1.7.0.v200803061910\lib\ant.jar;C:\Program Files (x86)\eclipse-ganymede-SR1\plugins\org.apache.ant_1.7.0.v200803061910\lib\ant-junit.jar" />
    <property name="user.name" value="David.Laing" />
    <property name="reports.dir" value="reports" />
    <property name="java.vm.specification.version" value="1.0" />
    <property name="sun.arch.data.model" value="64" />
    <property name="java.home" value="C:\Program Files\Java\jdk1.6.0_21\jre" />
    <property name="java.specification.vendor" value="Sun Microsystems Inc." />
    <property name="user.language" value="en" />
    <property name="classes.dir" value="classes" />
    <property name="awt.toolkit" value="sun.awt.windows.WToolkit" />
    <property name="java.vm.info" value="mixed mode" />
    <property name="java.version" value="1.6.0_21" />
    <property name="java.ext.dirs" value="C:\Program Files\Java\jdk1.6.0_21\jre\lib\ext;C:\Windows\Sun\Java\lib\ext" />
    <property name="sun.boot.class.path" value="C:\Program Files\Java\jdk1.6.0_21\jre\lib\resources.jar;C:\Program Files\Java\jdk1.6.0_21\jre\lib\rt.jar;C:\Program Files\Java\jdk1.6.0_21\jre\lib\sunrsasign.jar;C:\Program Files\Java\jdk1.6.0_21\jre\lib\jsse.jar;C:\Program Files\Java\jdk1.6.0_21\jre\lib\jce.jar;C:\Program Files\Java\jdk1.6.0_21\jre\lib\charsets.jar;C:\Program Files\Java\jdk1.6.0_21\jre\classes" />
    <property name="java.vendor" value="Sun Microsystems Inc." />
    <property name="file.separator" value="\" />
    <property name="src.dir" value="src" />
    <property name="java.vendor.url.bug" value="http://java.sun.com/cgi-bin/bugreport.cgi" />
    <property name="sun.cpu.endian" value="little" />
    <property name="sun.io.unicode.encoding" value="UnicodeLittle" />
    <property name="sun.desktop" value="windows" />
    <property name="sun.cpu.isalist" value="amd64" />
  </properties>
  <testcase classname="com.example.simple.SimpleTest" name="testSquare" time="0.0020" />
  <testcase classname="com.example.simple.SimpleTest" name="testF" time="0.0010" />
  <testcase classname="com.example.simple.SimpleTest" name="testSum" time="0.01" />
  <system-out><![CDATA[]]></system-out>
  <system-err><![CDATA[]]></system-err>
</testsuite>
